<?xml version="1.0" encoding="UTF-8"?>
<!-- Generated by org.testng.reporters.JUnitReportReporter -->
<testsuite hostname="SSSLT24" failures="0" tests="11" name="org.test.CustomerSetup" time="174.687" errors="0" timestamp="2023-04-20T13:26:43 IST" skipped="0">
  <testcase classname="org.test.CustomerSetup" name="TC07" time="16.285"/>
  <system-out/>
  <testcase classname="org.test.CustomerSetup" name="TC11" time="15.158"/>
  <system-out/>
  <testcase classname="org.test.CustomerSetup" name="TC10" time="15.691"/>
  <system-out/>
  <testcase classname="org.test.CustomerSetup" name="TC03" time="15.625"/>
  <system-out/>
  <testcase classname="org.test.CustomerSetup" name="TC09" time="16.356"/>
  <system-out/>
  <testcase classname="org.test.CustomerSetup" name="TC04" time="16.825"/>
  <system-out/>
  <testcase classname="org.test.CustomerSetup" name="TC05" time="15.062"/>
  <system-out/>
  <testcase classname="org.test.CustomerSetup" name="TC08" time="15.738"/>
  <system-out/>
  <testcase classname="org.test.CustomerSetup" name="TC02" time="15.259"/>
  <system-out/>
  <testcase classname="org.test.CustomerSetup" name="TC01" time="17.267"/>
  <system-out/>
  <testcase classname="org.test.CustomerSetup" name="TC06" time="15.421"/>
  <system-out/>
</testsuite> <!-- org.test.CustomerSetup -->
