<?xml version="1.0" encoding="UTF-8"?>
<!-- Generated by org.testng.reporters.JUnitReportReporter -->
<testsuite hostname="SSSLT24" failures="0" tests="36" name="org.test.InstallerSetup" time="693.594" errors="0" timestamp="2023-04-20T13:26:42 IST" skipped="0">
  <testcase classname="org.test.InstallerSetup" name="TC29" time="16.323"/>
  <system-out/>
  <testcase classname="org.test.InstallerSetup" name="TC32" time="14.758"/>
  <system-out/>
  <testcase classname="org.test.InstallerSetup" name="TC31" time="16.054"/>
  <system-out/>
  <testcase classname="org.test.InstallerSetup" name="TC20" time="15.041"/>
  <system-out/>
  <testcase classname="org.test.InstallerSetup" name="TC24" time="20.299"/>
  <system-out/>
  <testcase classname="org.test.InstallerSetup" name="TC16" time="17.929"/>
  <system-out/>
  <testcase classname="org.test.InstallerSetup" name="TC19" time="14.623"/>
  <system-out/>
  <testcase classname="org.test.InstallerSetup" name="TC36" time="15.354"/>
  <system-out/>
  <testcase classname="org.test.InstallerSetup" name="TC06" time="18.522"/>
  <system-out/>
  <testcase classname="org.test.InstallerSetup" name="TC33" time="15.616"/>
  <system-out/>
  <testcase classname="org.test.InstallerSetup" name="TC08" time="22.418"/>
  <system-out/>
  <testcase classname="org.test.InstallerSetup" name="TC30" time="16.051"/>
  <system-out/>
  <testcase classname="org.test.InstallerSetup" name="TC21" time="23.498"/>
  <system-out/>
  <testcase classname="org.test.InstallerSetup" name="TC34" time="18.238"/>
  <system-out/>
  <testcase classname="org.test.InstallerSetup" name="TC27" time="16.175"/>
  <system-out/>
  <testcase classname="org.test.InstallerSetup" name="TC23" time="27.219"/>
  <system-out/>
  <testcase classname="org.test.InstallerSetup" name="TC18" time="17.123"/>
  <system-out/>
  <testcase classname="org.test.InstallerSetup" name="TC03" time="20.718"/>
  <system-out/>
  <testcase classname="org.test.InstallerSetup" name="TC25" time="20.735"/>
  <system-out/>
  <testcase classname="org.test.InstallerSetup" name="TC13" time="20.589"/>
  <system-out/>
  <testcase classname="org.test.InstallerSetup" name="TC04" time="25.637"/>
  <system-out/>
  <testcase classname="org.test.InstallerSetup" name="TC28" time="17.477"/>
  <system-out/>
  <testcase classname="org.test.InstallerSetup" name="TC15" time="17.805"/>
  <system-out/>
  <testcase classname="org.test.InstallerSetup" name="TC05" time="25.567"/>
  <system-out/>
  <testcase classname="org.test.InstallerSetup" name="TC22" time="21.898"/>
  <system-out/>
  <testcase classname="org.test.InstallerSetup" name="TC10" time="21.145"/>
  <system-out/>
  <testcase classname="org.test.InstallerSetup" name="TC02" time="21.914"/>
  <system-out/>
  <testcase classname="org.test.InstallerSetup" name="TC35" time="17.257"/>
  <system-out/>
  <testcase classname="org.test.InstallerSetup" name="TC17" time="17.649"/>
  <system-out/>
  <testcase classname="org.test.InstallerSetup" name="TC09" time="22.920"/>
  <system-out/>
  <testcase classname="org.test.InstallerSetup" name="TC07" time="19.175"/>
  <system-out/>
  <testcase classname="org.test.InstallerSetup" name="TC26" time="18.109"/>
  <system-out/>
  <testcase classname="org.test.InstallerSetup" name="TC11" time="21.388"/>
  <system-out/>
  <testcase classname="org.test.InstallerSetup" name="TC14" time="18.459"/>
  <system-out/>
  <testcase classname="org.test.InstallerSetup" name="TC12" time="22.972"/>
  <system-out/>
  <testcase classname="org.test.InstallerSetup" name="TC01" time="16.939"/>
  <system-out/>
</testsuite> <!-- org.test.InstallerSetup -->
