<?xml version="1.0" encoding="UTF-8"?>
<!-- Generated by org.testng.reporters.JUnitReportReporter -->
<testsuite hostname="SSSLT24" failures="0" tests="10" name="org.test.Entry" time="91.941" errors="0" timestamp="2023-04-20T13:26:42 IST" skipped="0">
  <testcase classname="org.test.Entry" name="TC1" time="14.901"/>
  <system-out/>
  <testcase classname="org.test.Entry" name="TC2" time="6.675"/>
  <system-out/>
  <testcase classname="org.test.Entry" name="TC3" time="6.042"/>
  <system-out/>
  <testcase classname="org.test.Entry" name="TC4" time="6.495"/>
  <system-out/>
  <testcase classname="org.test.Entry" name="TC5" time="7.026"/>
  <system-out/>
  <testcase classname="org.test.Entry" name="TC6" time="6.546"/>
  <system-out/>
  <testcase classname="org.test.Entry" name="TC7" time="9.534"/>
  <system-out/>
  <testcase classname="org.test.Entry" name="TC8" time="13.621"/>
  <system-out/>
  <testcase classname="org.test.Entry" name="TC9" time="13.314"/>
  <system-out/>
  <testcase classname="org.test.Entry" name="TC10" time="7.787"/>
  <system-out/>
</testsuite> <!-- org.test.Entry -->
