<?xml version="1.0" encoding="UTF-8"?>
<!-- Generated by org.testng.reporters.JUnitReportReporter -->
<testsuite hostname="SSSDEV03" name="org.utility.eZeeMx_testcase" tests="5" failures="0" timestamp="24 Feb 2023 08:31:43 GMT" time="0.047" errors="0">
  <testcase name="TC_01" time="0.047" classname="org.utility.eZeeMx_testcase"/>
  <testcase name="TC_04" time="0.000" classname="org.utility.eZeeMx_testcase"/>
  <testcase name="TC_02" time="0.000" classname="org.utility.eZeeMx_testcase"/>
  <testcase name="TC_05" time="0.000" classname="org.utility.eZeeMx_testcase"/>
  <testcase name="TC_03" time="0.000" classname="org.utility.eZeeMx_testcase"/>
</testsuite> <!-- org.utility.eZeeMx_testcase -->
