<?xml version="1.0" encoding="UTF-8"?>
<!-- Generated by org.testng.reporters.JUnitReportReporter -->
<testsuite hostname="SSSLT24" failures="0" tests="33" name="org.test.BankSetup" time="596.887" errors="0" timestamp="2023-04-20T13:26:42 IST" skipped="0">
  <testcase classname="org.test.BankSetup" name="TC30" time="20.817"/>
  <system-out/>
  <testcase classname="org.test.BankSetup" name="TC15" time="18.463"/>
  <system-out/>
  <testcase classname="org.test.BankSetup" name="TC10" time="17.123"/>
  <system-out/>
  <testcase classname="org.test.BankSetup" name="TC19" time="19.190"/>
  <system-out/>
  <testcase classname="org.test.BankSetup" name="TC29" time="18.833"/>
  <system-out/>
  <testcase classname="org.test.BankSetup" name="TC31" time="16.121"/>
  <system-out/>
  <testcase classname="org.test.BankSetup" name="TC02" time="18.000"/>
  <system-out/>
  <testcase classname="org.test.BankSetup" name="TC21" time="18.573"/>
  <system-out/>
  <testcase classname="org.test.BankSetup" name="TC24" time="19.165"/>
  <system-out/>
  <testcase classname="org.test.BankSetup" name="TC18" time="21.750"/>
  <system-out/>
  <testcase classname="org.test.BankSetup" name="TC12" time="19.336"/>
  <system-out/>
  <testcase classname="org.test.BankSetup" name="TC13" time="16.764"/>
  <system-out/>
  <testcase classname="org.test.BankSetup" name="TC32" time="16.123"/>
  <system-out/>
  <testcase classname="org.test.BankSetup" name="TC23" time="17.446"/>
  <system-out/>
  <testcase classname="org.test.BankSetup" name="TC07" time="16.855"/>
  <system-out/>
  <testcase classname="org.test.BankSetup" name="TC01" time="17.759"/>
  <system-out/>
  <testcase classname="org.test.BankSetup" name="TC03" time="18.439"/>
  <system-out/>
  <testcase classname="org.test.BankSetup" name="TC08" time="20.880"/>
  <system-out/>
  <testcase classname="org.test.BankSetup" name="TC27" time="15.501"/>
  <system-out/>
  <testcase classname="org.test.BankSetup" name="TC06" time="17.368"/>
  <system-out/>
  <testcase classname="org.test.BankSetup" name="TC25" time="15.473"/>
  <system-out/>
  <testcase classname="org.test.BankSetup" name="TC11" time="17.337"/>
  <system-out/>
  <testcase classname="org.test.BankSetup" name="TC26" time="17.289"/>
  <system-out/>
  <testcase classname="org.test.BankSetup" name="TC04" time="27.523"/>
  <system-out/>
  <testcase classname="org.test.BankSetup" name="TC09" time="18.896"/>
  <system-out/>
  <testcase classname="org.test.BankSetup" name="TC22" time="16.255"/>
  <system-out/>
  <testcase classname="org.test.BankSetup" name="TC17" time="17.050"/>
  <system-out/>
  <testcase classname="org.test.BankSetup" name="TC05" time="20.133"/>
  <system-out/>
  <testcase classname="org.test.BankSetup" name="TC14" time="15.919"/>
  <system-out/>
  <testcase classname="org.test.BankSetup" name="TC28" time="15.055"/>
  <system-out/>
  <testcase classname="org.test.BankSetup" name="TC20" time="18.789"/>
  <system-out/>
  <testcase classname="org.test.BankSetup" name="TC16" time="16.406"/>
  <system-out/>
  <testcase classname="org.test.BankSetup" name="TC33" time="16.256"/>
  <system-out/>
</testsuite> <!-- org.test.BankSetup -->
